<?xml version="1.0" encoding="UTF-8"?>
<testsuite name="Dino.AppTest" tests="1" skipped="0" failures="0" errors="0" timestamp="2020-10-06T16:52:24" hostname="e1r2p5.unit.ua" time="0.0">
  <properties/>
  <testcase name="testAppHasAGreeting" classname="Dino.AppTest" time="0.0"/>
  <system-out><![CDATA[]]></system-out>
  <system-err><![CDATA[]]></system-err>
</testsuite>
